<?xml version="1.0" encoding="UTF-8"?>
<!-- Generated by org.testng.reporters.JUnitReportReporter -->
<testsuite skipped="0" hostname="DESKTOP-3HB8IKU" name="Appium.Google_Genymotion" tests="1" failures="0" timestamp="30 Sep 2019 09:28:43 GMT" time="66.249" errors="0">
  <testcase name="testcase" time="66.249" classname="Appium.Google_Genymotion"/>
</testsuite> <!-- Appium.Google_Genymotion -->
