<?xml version="1.0" encoding="UTF-8"?>
<!-- Generated by org.testng.reporters.JUnitReportReporter -->
<testsuite skipped="0" hostname="DESKTOP-3HB8IKU" name="Appium.TC_001" tests="1" failures="0" timestamp="28 Sep 2019 07:14:59 GMT" time="14.416" errors="0">
  <testcase name="TestCase" time="14.416" classname="Appium.TC_001"/>
</testsuite> <!-- Appium.TC_001 -->
