<?xml version="1.0" encoding="UTF-8"?>
<!-- Generated by org.testng.reporters.JUnitReportReporter -->
<testsuite skipped="0" hostname="DESKTOP-3HB8IKU" name="Appium.Login" tests="1" failures="0" timestamp="20 May 2019 04:44:35 GMT" time="18.599" errors="0">
  <testcase name="setup" time="18.599" classname="Appium.Login"/>
</testsuite> <!-- Appium.Login -->
